<?xml version="1.0" encoding="UTF-8"?>
<!-- Generated by org.testng.reporters.JUnitReportReporter -->
<testsuite hostname="ip-192-168-29-66.me-south-1.compute.internal" failures="0" tests="1" name="awesomecucumber.runners.MyTestNGRunnerTest" time="87.489" errors="0" timestamp="2023-05-02T10:25:52 IST" skipped="0">
  <testcase classname="awesomecucumber.runners.MyTestNGRunnerTest" name="runScenario" time="87.489"/>
  <system-out/>
</testsuite> <!-- awesomecucumber.runners.MyTestNGRunnerTest -->
