<?xml version="1.0" encoding="UTF-8"?>
<!-- Generated by org.testng.reporters.JUnitReportReporter -->
<testsuite hostname="sreekanths-MacBook-Pro.local" failures="0" tests="3" name="qa.runners.MyTestNGRunnerTest" time="97.044" errors="0" timestamp="2023-05-19T20:59:12 IST" skipped="0">
  <testcase classname="qa.runners.MyTestNGRunnerTest" name="runScenario" time="29.274"/>
  <system-out/>
  <testcase classname="qa.runners.MyTestNGRunnerTest" name="runScenario" time="35.210"/>
  <system-out/>
  <testcase classname="qa.runners.MyTestNGRunnerTest" name="runScenario" time="32.560"/>
  <system-out/>
</testsuite> <!-- qa.runners.MyTestNGRunnerTest -->
