<?xml version="1.0" encoding="UTF-8"?>
<!-- Generated by org.testng.reporters.JUnitReportReporter -->
<testsuite hostname="sreekanths-MacBook-Pro.local" failures="0" tests="1" name="qa.runners.MyTestNGRunnerTest" time="27.427" errors="0" timestamp="2023-05-20T16:56:03 IST" skipped="0">
  <testcase classname="qa.runners.MyTestNGRunnerTest" name="runScenario" time="27.427"/>
  <system-out/>
</testsuite> <!-- qa.runners.MyTestNGRunnerTest -->
